<?xml version="1.0" encoding="UTF-8"?>
<testsuite name="edu.coursera.parallel.OneDimAveragingPhaserTest" time="305.552" tests="1" errors="0" skipped="0" failures="1">
  <properties>
[...]
</properties>
  <testcase name="testFuzzyBarrier" classname="edu.coursera.parallel.OneDimAveragingPhaserTest" time="305.552">
    <failure message="It was expected that the fuzzy barrier parallel implementation would run 1.050000x faster than the barrier implementation, but it only achieved 0.828328x speedup" type="junit.framework.AssertionFailedError">junit.framework.AssertionFailedError: It was expected that the fuzzy barrier parallel implementation would run 1.050000x faster than the barrier implementation, but it only achieved 0.828328x speedup
	at junit.framework.Assert.fail(Assert.java:47)
	at junit.framework.Assert.assertTrue(Assert.java:20)
	at edu.coursera.parallel.OneDimAveragingPhaserTest.testFuzzyBarrier(OneDimAveragingPhaserTest.java:142)
</failure>
  </testcase>
</testsuite>